#
# There is insufficient memory for the Java Runtime Environment to continue.
# Native memory allocation (malloc) failed to allocate 1192496 bytes for Chunk::new
# Possible reasons:
#   The system is out of physical RAM or swap space
#   In 32 bit mode, the process size limit was hit
# Possible solutions:
#   Reduce memory load on the system
#   Increase physical memory or swap space
#   Check if swap backing store is full
#   Use 64 bit Java on a 64 bit OS
#   Decrease Java heap size (-Xmx/-Xms)
#   Decrease number of Java threads
#   Decrease Java thread stack sizes (-Xss)
#   Set larger code cache with -XX:ReservedCodeCacheSize=
# This output file may be truncated or incomplete.
#
#  Out of Memory Error (allocation.cpp:390), pid=20752, tid=0x0000000000000f6c
#
# JRE version: OpenJDK Runtime Environment (8.0_152-b02) (build 1.8.0_152-release-1024-b02)
# Java VM: OpenJDK 64-Bit Server VM (25.152-b02 mixed mode windows-amd64 compressed oops)
# Failed to write core dump. Minidumps are not enabled by default on client versions of Windows
#

---------------  T H R E A D  ---------------

Current thread (0x0000000018ec3800):  JavaThread "C2 CompilerThread2" daemon [_thread_in_native, id=3948, stack(0x0000000019790000,0x0000000019890000)]

Stack: [0x0000000019790000,0x0000000019890000]
[error occurred during error reporting (printing stack bounds), id 0xc0000005]

Native frames: (J=compiled Java code, j=interpreted, Vv=VM code, C=native code)


Current CompileTask:
C2: 678854 13881       4       org.gradle.api.internal.file.collections.DefaultFileCollectionResolveContext::doResolve (356 bytes)


---------------  P R O C E S S  ---------------

Java Threads: ( => current thread )
  0x000000001d6bd000 JavaThread "Cache worker for Java compile cache (D:\AndroidStudioProjects\TestTOFD\.gradle\4.4\javaCompile)" [_thread_blocked, id=2044, stack(0x000000003b5f0000,0x000000003b6f0000)]
  0x000000001d6b5800 JavaThread "Task worker for ':' Thread 7" [_thread_blocked, id=23192, stack(0x000000003b4f0000,0x000000003b5f0000)]
  0x000000001d6bc000 JavaThread "Task worker for ':' Thread 6" [_thread_blocked, id=13232, stack(0x000000003b3f0000,0x000000003b4f0000)]
  0x000000001d6b4800 JavaThread "Task worker for ':' Thread 5" [_thread_blocked, id=19904, stack(0x000000003b2f0000,0x000000003b3f0000)]
  0x000000001d6bb800 JavaThread "Task worker for ':' Thread 4" [_thread_blocked, id=17308, stack(0x000000003b1f0000,0x000000003b2f0000)]
  0x000000001d6b3000 JavaThread "Task worker for ':' Thread 3" [_thread_in_native, id=14576, stack(0x000000003b0f0000,0x000000003b1f0000)]
  0x000000001d6b8800 JavaThread "Task worker for ':' Thread 2" [_thread_blocked, id=8356, stack(0x000000003aff0000,0x000000003b0f0000)]
  0x000000001d6ba000 JavaThread "Task worker for ':'" [_thread_blocked, id=18736, stack(0x000000003aef0000,0x000000003aff0000)]
  0x000000001d6b9000 JavaThread "Cache worker for Build Output Cleanup Cache (D:\AndroidStudioProjects\TestTOFD\.gradle\buildOutputCleanup)" [_thread_blocked, id=23980, stack(0x000000003adf0000,0x000000003aef0000)]
  0x000000001d6b7800 JavaThread "Cache worker for task history cache (D:\AndroidStudioProjects\TestTOFD\.gradle\4.4\taskHistory)" [_thread_blocked, id=15296, stack(0x000000003acf0000,0x000000003adf0000)]
  0x000000001d6b7000 JavaThread "Cache worker for file content cache (D:\AndroidStudioProjects\TestTOFD\.gradle\4.4\fileContent)" [_thread_blocked, id=9840, stack(0x000000003abf0000,0x000000003acf0000)]
  0x000000001d6b4000 JavaThread "build operations Thread 8" [_thread_blocked, id=21560, stack(0x000000003aaf0000,0x000000003abf0000)]
  0x000000001ce41800 JavaThread "build operations Thread 7" [_thread_blocked, id=24272, stack(0x000000003a9f0000,0x000000003aaf0000)]
  0x000000001ce41000 JavaThread "build operations Thread 6" [_thread_blocked, id=18804, stack(0x000000003a8f0000,0x000000003a9f0000)]
  0x000000001ce40000 JavaThread "build operations Thread 5" [_thread_blocked, id=9680, stack(0x000000003a7f0000,0x000000003a8f0000)]
  0x000000001ce3e800 JavaThread "build operations Thread 4" [_thread_blocked, id=14564, stack(0x000000003a6f0000,0x000000003a7f0000)]
  0x000000001ce42800 JavaThread "build operations Thread 3" [_thread_blocked, id=11556, stack(0x000000003a5f0000,0x000000003a6f0000)]
  0x000000001ce3f800 JavaThread "build operations Thread 2" [_thread_blocked, id=21020, stack(0x000000003a4f0000,0x000000003a5f0000)]
  0x000000001ce37000 JavaThread "build operations" [_thread_blocked, id=8696, stack(0x000000003a3f0000,0x000000003a4f0000)]
  0x000000001ce3b800 JavaThread "Cache worker for Artifact transforms cache (C:\Users\ccxx\.gradle\caches\transforms-1)" [_thread_blocked, id=13840, stack(0x000000003a2f0000,0x000000003a3f0000)]
  0x000000001ce3d000 JavaThread "Cache worker for file hash cache (D:\AndroidStudioProjects\TestTOFD\.gradle\4.4\fileHashes)" [_thread_blocked, id=21440, stack(0x000000003a1f0000,0x000000003a2f0000)]
  0x000000001ce34000 JavaThread "Stdin handler" [_thread_blocked, id=12148, stack(0x000000003a0f0000,0x000000003a1f0000)]
  0x000000001ce35000 JavaThread "Asynchronous log dispatcher for DefaultDaemonConnection: socket connection from /127.0.0.1:56942 to /127.0.0.1:58054" [_thread_blocked, id=10804, stack(0x0000000039ff0000,0x000000003a0f0000)]
  0x000000001ce3b000 JavaThread "Daemon worker Thread 4" [_thread_blocked, id=24520, stack(0x0000000039ef0000,0x0000000039ff0000)]
  0x000000001ce38000 JavaThread "Cancel handler" [_thread_blocked, id=16888, stack(0x0000000039df0000,0x0000000039ef0000)]
  0x000000001ce35800 JavaThread "Handler for socket connection from /127.0.0.1:56942 to /127.0.0.1:58054" [_thread_in_native, id=1536, stack(0x0000000039cf0000,0x0000000039df0000)]
  0x000000001ce3a000 JavaThread "Daemon Thread 4" [_thread_blocked, id=23292, stack(0x0000000039bf0000,0x0000000039cf0000)]
  0x000000001ce38800 JavaThread "Memory manager" [_thread_blocked, id=12076, stack(0x0000000023390000,0x0000000023490000)]
  0x000000001afd7000 JavaThread "File lock request listener" [_thread_in_native, id=24348, stack(0x000000001c430000,0x000000001c530000)]
  0x000000001aead000 JavaThread "Cache worker for file hash cache (C:\Users\ccxx\.gradle\caches\4.4\fileHashes)" [_thread_blocked, id=7916, stack(0x000000001c330000,0x000000001c430000)]
  0x000000001a51e000 JavaThread "Daemon periodic checks" [_thread_blocked, id=23624, stack(0x000000001b730000,0x000000001b830000)]
  0x000000001a599000 JavaThread "Incoming local TCP Connector on port 56942" [_thread_in_native, id=23720, stack(0x000000001b580000,0x000000001b680000)]
  0x0000000018f57000 JavaThread "Service Thread" daemon [_thread_blocked, id=3376, stack(0x0000000019990000,0x0000000019a90000)]
  0x0000000018ec6000 JavaThread "C1 CompilerThread3" daemon [_thread_blocked, id=7580, stack(0x0000000019890000,0x0000000019990000)]
=>0x0000000018ec3800 JavaThread "C2 CompilerThread2" daemon [_thread_in_native, id=3948, stack(0x0000000019790000,0x0000000019890000)]
  0x0000000016f6c800 JavaThread "C2 CompilerThread1" daemon [_thread_blocked, id=18892, stack(0x0000000019690000,0x0000000019790000)]
  0x0000000018e6e000 JavaThread "C2 CompilerThread0" daemon [_thread_blocked, id=21528, stack(0x0000000019590000,0x0000000019690000)]
  0x0000000016f69000 JavaThread "Attach Listener" daemon [_thread_blocked, id=21056, stack(0x0000000019490000,0x0000000019590000)]
  0x0000000018ec0000 JavaThread "Signal Dispatcher" daemon [_thread_blocked, id=1776, stack(0x0000000019390000,0x0000000019490000)]
  0x000000000317e800 JavaThread "Finalizer" daemon [_thread_blocked, id=7132, stack(0x0000000019230000,0x0000000019330000)]
  0x0000000003177000 JavaThread "Reference Handler" daemon [_thread_blocked, id=9916, stack(0x0000000018d30000,0x0000000018e30000)]
  0x000000000137e000 JavaThread "main" [_thread_blocked, id=22540, stack(0x0000000002f80000,0x0000000003080000)]

Other Threads:
  0x0000000016f56800 VMThread [stack: 0x0000000018c30000,0x0000000018d30000] [id=13544]
  0x0000000018f61000 WatcherThread [stack: 0x0000000019a90000,0x0000000019b90000] [id=7860]

VM state:not at safepoint (normal execution)

VM Mutex/Monitor currently owned by a thread: None

Heap:
 PSYoungGen      total 242688K, used 116450K [0x00000000e0000000, 0x00000000f0380000, 0x0000000100000000)
  eden space 224768K, 44% used [0x00000000e0000000,0x00000000e60a4300,0x00000000edb80000)
  from space 17920K, 97% used [0x00000000ee380000,0x00000000ef4946e8,0x00000000ef500000)
  to   space 14848K, 0% used [0x00000000ef500000,0x00000000ef500000,0x00000000f0380000)
 ParOldGen       total 140800K, used 35068K [0x00000000a0000000, 0x00000000a8980000, 0x00000000e0000000)
  object space 140800K, 24% used [0x00000000a0000000,0x00000000a223f3c8,0x00000000a8980000)
 Metaspace       used 76713K, capacity 80640K, committed 80856K, reserved 1120256K
  class space    used 10128K, capacity 10911K, committed 11008K, reserved 1048576K

Card table byte_map: [0x0000000012540000,0x0000000012850000] byte_map_base: 0x0000000012040000

Marking Bits: (ParMarkBitMap*) 0x0000000063804970
 Begin Bits: [0x0000000013250000, 0x0000000014a50000)
 End Bits:   [0x0000000014a50000, 0x0000000016250000)

Polling page: 0x00000000012a0000

CodeCache: size=245760Kb used=37407Kb max_used=37423Kb free=208353Kb
 bounds [0x0000000003180000, 0x0000000005640000, 0x0000000012180000]
 total_blobs=12437 nmethods=11597 adapters=751
 compilation: enabled

Compilation events (10 events):
Event: 678.265 Thread 0x0000000018ec6000 13892       3       com.google.wireless.android.sdk.stats.GarbageCollectionStats$Builder::<init> (15 bytes)
Event: 678.265 Thread 0x0000000018ec6000 nmethod 13892 0x000000000561cf10 code [0x000000000561d0a0, 0x000000000561d570]
Event: 678.265 Thread 0x0000000018ec6000 13893       3       com.google.wireless.android.sdk.stats.GarbageCollectionStats$Builder::maybeForceBuilderInitialization (7 bytes)
Event: 678.265 Thread 0x0000000018ec6000 nmethod 13893 0x000000000561d7d0 code [0x000000000561d940, 0x000000000561db30]
Event: 678.292 Thread 0x0000000018e6e000 nmethod 13894 0x00000000056220d0 code [0x0000000005622360, 0x0000000005623be0]
Event: 678.293 Thread 0x0000000018e6e000 13897       4       sun.reflect.generics.parser.SignatureParser::parseIdentifier (115 bytes)
Event: 678.302 Thread 0x0000000018e6e000 nmethod 13897 0x000000000561f1d0 code [0x000000000561f420, 0x000000000561ff18]
Event: 678.302 Thread 0x0000000018e6e000 13896       4       org.gradle.tooling.internal.provider.events.AbstractResult::<init> (21 bytes)
Event: 678.303 Thread 0x0000000018e6e000 nmethod 13896 0x0000000004f326d0 code [0x0000000004f32800, 0x0000000004f32878]
Event: 678.354 Thread 0x0000000016f6c800 nmethod 13883 0x000000000562c250 code [0x000000000562c6c0, 0x0000000005631470]

GC Heap History (10 events):
Event: 8.814 GC heap before
{Heap before GC invocations=12 (full 2):
 PSYoungGen      total 178176K, used 86474K [0x00000000e0000000, 0x00000000eec80000, 0x0000000100000000)
  eden space 163328K, 43% used [0x00000000e0000000,0x00000000e45f2ee0,0x00000000e9f80000)
  from space 14848K, 99% used [0x00000000e9f80000,0x00000000eadffc08,0x00000000eae00000)
  to   space 19968K, 0% used [0x00000000ed900000,0x00000000ed900000,0x00000000eec80000)
 ParOldGen       total 94720K, used 29285K [0x00000000a0000000, 0x00000000a5c80000, 0x00000000e0000000)
  object space 94720K, 30% used [0x00000000a0000000,0x00000000a1c99738,0x00000000a5c80000)
 Metaspace       used 56802K, capacity 58846K, committed 59028K, reserved 1099776K
  class space    used 7756K, capacity 8196K, committed 8320K, reserved 1048576K
Event: 8.826 GC heap after
Heap after GC invocations=12 (full 2):
 PSYoungGen      total 216064K, used 13066K [0x00000000e0000000, 0x00000000ee980000, 0x0000000100000000)
  eden space 199168K, 0% used [0x00000000e0000000,0x00000000e0000000,0x00000000ec280000)
  from space 16896K, 77% used [0x00000000ed900000,0x00000000ee5c2860,0x00000000ee980000)
  to   space 19968K, 0% used [0x00000000ec280000,0x00000000ec280000,0x00000000ed600000)
 ParOldGen       total 94720K, used 36115K [0x00000000a0000000, 0x00000000a5c80000, 0x00000000e0000000)
  object space 94720K, 38% used [0x00000000a0000000,0x00000000a2344e50,0x00000000a5c80000)
 Metaspace       used 56802K, capacity 58846K, committed 59028K, reserved 1099776K
  class space    used 7756K, capacity 8196K, committed 8320K, reserved 1048576K
}
Event: 8.826 GC heap before
{Heap before GC invocations=13 (full 3):
 PSYoungGen      total 216064K, used 13066K [0x00000000e0000000, 0x00000000ee980000, 0x0000000100000000)
  eden space 199168K, 0% used [0x00000000e0000000,0x00000000e0000000,0x00000000ec280000)
  from space 16896K, 77% used [0x00000000ed900000,0x00000000ee5c2860,0x00000000ee980000)
  to   space 19968K, 0% used [0x00000000ec280000,0x00000000ec280000,0x00000000ed600000)
 ParOldGen       total 94720K, used 36115K [0x00000000a0000000, 0x00000000a5c80000, 0x00000000e0000000)
  object space 94720K, 38% used [0x00000000a0000000,0x00000000a2344e50,0x00000000a5c80000)
 Metaspace       used 56802K, capacity 58846K, committed 59028K, reserved 1099776K
  class space    used 7756K, capacity 8196K, committed 8320K, reserved 1048576K
Event: 8.949 GC heap after
Heap after GC invocations=13 (full 3):
 PSYoungGen      total 216064K, used 0K [0x00000000e0000000, 0x00000000ee980000, 0x0000000100000000)
  eden space 199168K, 0% used [0x00000000e0000000,0x00000000e0000000,0x00000000ec280000)
  from space 16896K, 0% used [0x00000000ed900000,0x00000000ed900000,0x00000000ee980000)
  to   space 19968K, 0% used [0x00000000ec280000,0x00000000ec280000,0x00000000ed600000)
 ParOldGen       total 140800K, used 35044K [0x00000000a0000000, 0x00000000a8980000, 0x00000000e0000000)
  object space 140800K, 24% used [0x00000000a0000000,0x00000000a22393c8,0x00000000a8980000)
 Metaspace       used 56649K, capacity 58452K, committed 59028K, reserved 1099776K
  class space    used 7702K, capacity 8099K, committed 8320K, reserved 1048576K
}
Event: 10.087 GC heap before
{Heap before GC invocations=14 (full 3):
 PSYoungGen      total 216064K, used 199168K [0x00000000e0000000, 0x00000000ee980000, 0x0000000100000000)
  eden space 199168K, 100% used [0x00000000e0000000,0x00000000ec280000,0x00000000ec280000)
  from space 16896K, 0% used [0x00000000ed900000,0x00000000ed900000,0x00000000ee980000)
  to   space 19968K, 0% used [0x00000000ec280000,0x00000000ec280000,0x00000000ed600000)
 ParOldGen       total 140800K, used 35044K [0x00000000a0000000, 0x00000000a8980000, 0x00000000e0000000)
  object space 140800K, 24% used [0x00000000a0000000,0x00000000a22393c8,0x00000000a8980000)
 Metaspace       used 63420K, capacity 66490K, committed 66648K, reserved 1105920K
  class space    used 8636K, capacity 9240K, committed 9344K, reserved 1048576K
Event: 10.096 GC heap after
Heap after GC invocations=14 (full 3):
 PSYoungGen      total 219136K, used 10137K [0x00000000e0000000, 0x00000000f0d80000, 0x0000000100000000)
  eden space 199168K, 0% used [0x00000000e0000000,0x00000000e0000000,0x00000000ec280000)
  from space 19968K, 50% used [0x00000000ec280000,0x00000000ecc667f0,0x00000000ed600000)
  to   space 18944K, 0% used [0x00000000efb00000,0x00000000efb00000,0x00000000f0d80000)
 ParOldGen       total 140800K, used 35052K [0x00000000a0000000, 0x00000000a8980000, 0x00000000e0000000)
  object space 140800K, 24% used [0x00000000a0000000,0x00000000a223b3c8,0x00000000a8980000)
 Metaspace       used 63420K, capacity 66490K, committed 66648K, reserved 1105920K
  class space    used 8636K, capacity 9240K, committed 9344K, reserved 1048576K
}
Event: 12.839 GC heap before
{Heap before GC invocations=15 (full 3):
 PSYoungGen      total 219136K, used 209305K [0x00000000e0000000, 0x00000000f0d80000, 0x0000000100000000)
  eden space 199168K, 100% used [0x00000000e0000000,0x00000000ec280000,0x00000000ec280000)
  from space 19968K, 50% used [0x00000000ec280000,0x00000000ecc667f0,0x00000000ed600000)
  to   space 18944K, 0% used [0x00000000efb00000,0x00000000efb00000,0x00000000f0d80000)
 ParOldGen       total 140800K, used 35052K [0x00000000a0000000, 0x00000000a8980000, 0x00000000e0000000)
  object space 140800K, 24% used [0x00000000a0000000,0x00000000a223b3c8,0x00000000a8980000)
 Metaspace       used 68187K, capacity 71596K, committed 71896K, reserved 1112064K
  class space    used 9256K, capacity 9937K, committed 9984K, reserved 1048576K
Event: 12.846 GC heap after
Heap after GC invocations=15 (full 3):
 PSYoungGen      total 245760K, used 8093K [0x00000000e0000000, 0x00000000f0780000, 0x0000000100000000)
  eden space 232960K, 0% used [0x00000000e0000000,0x00000000e0000000,0x00000000ee380000)
  from space 12800K, 63% used [0x00000000efb00000,0x00000000f02e76a0,0x00000000f0780000)
  to   space 18432K, 0% used [0x00000000ee380000,0x00000000ee380000,0x00000000ef580000)
 ParOldGen       total 140800K, used 35060K [0x00000000a0000000, 0x00000000a8980000, 0x00000000e0000000)
  object space 140800K, 24% used [0x00000000a0000000,0x00000000a223d3c8,0x00000000a8980000)
 Metaspace       used 68187K, capacity 71596K, committed 71896K, reserved 1112064K
  class space    used 9256K, capacity 9937K, committed 9984K, reserved 1048576K
}
Event: 255.912 GC heap before
{Heap before GC invocations=16 (full 3):
 PSYoungGen      total 245760K, used 241053K [0x00000000e0000000, 0x00000000f0780000, 0x0000000100000000)
  eden space 232960K, 100% used [0x00000000e0000000,0x00000000ee380000,0x00000000ee380000)
  from space 12800K, 63% used [0x00000000efb00000,0x00000000f02e76a0,0x00000000f0780000)
  to   space 18432K, 0% used [0x00000000ee380000,0x00000000ee380000,0x00000000ef580000)
 ParOldGen       total 140800K, used 35060K [0x00000000a0000000, 0x00000000a8980000, 0x00000000e0000000)
  object space 140800K, 24% used [0x00000000a0000000,0x00000000a223d3c8,0x00000000a8980000)
 Metaspace       used 76059K, capacity 79874K, committed 79960K, reserved 1118208K
  class space    used 10109K, capacity 10880K, committed 10880K, reserved 1048576K
Event: 255.930 GC heap after
Heap after GC invocations=16 (full 3):
 PSYoungGen      total 242688K, used 17489K [0x00000000e0000000, 0x00000000f0380000, 0x0000000100000000)
  eden space 224768K, 0% used [0x00000000e0000000,0x00000000e0000000,0x00000000edb80000)
  from space 17920K, 97% used [0x00000000ee380000,0x00000000ef4946e8,0x00000000ef500000)
  to   space 14848K, 0% used [0x00000000ef500000,0x00000000ef500000,0x00000000f0380000)
 ParOldGen       total 140800K, used 35068K [0x00000000a0000000, 0x00000000a8980000, 0x00000000e0000000)
  object space 140800K, 24% used [0x00000000a0000000,0x00000000a223f3c8,0x00000000a8980000)
 Metaspace       used 76059K, capacity 79874K, committed 79960K, reserved 1118208K
  class space    used 10109K, capacity 10880K, committed 10880K, reserved 1048576K
}

Deoptimization events (10 events):
Event: 255.757 Thread 0x000000001ce3a000 Uncommon trap: reason=array_check action=maybe_recompile pc=0x0000000003c70f78 method=java.util.TimSort.reverseRange([Ljava/lang/Object;II)V @ 27
Event: 255.789 Thread 0x000000001ce3a000 Uncommon trap: reason=array_check action=maybe_recompile pc=0x0000000003c70f78 method=java.util.TimSort.reverseRange([Ljava/lang/Object;II)V @ 27
Event: 255.966 Thread 0x000000001ce3a000 Uncommon trap: reason=array_check action=maybe_recompile pc=0x0000000003b53bbc method=java.util.TimSort.reverseRange([Ljava/lang/Object;II)V @ 27
Event: 675.433 Thread 0x000000001ce3b000 Uncommon trap: reason=array_check action=maybe_recompile pc=0x00000000052b2a18 method=com.google.common.collect.ImmutableSet.construct(I[Ljava/lang/Object;)Lcom/google/common/collect/ImmutableSet; @ 122
Event: 675.434 Thread 0x000000001ce3b000 Uncommon trap: reason=array_check action=maybe_recompile pc=0x00000000052b2a18 method=com.google.common.collect.ImmutableSet.construct(I[Ljava/lang/Object;)Lcom/google/common/collect/ImmutableSet; @ 122
Event: 675.434 Thread 0x000000001ce3b000 Uncommon trap: reason=array_check action=maybe_recompile pc=0x00000000052b2a18 method=com.google.common.collect.ImmutableSet.construct(I[Ljava/lang/Object;)Lcom/google/common/collect/ImmutableSet; @ 122
Event: 675.435 Thread 0x000000001ce3b000 Uncommon trap: reason=array_check action=maybe_recompile pc=0x00000000052b2a18 method=com.google.common.collect.ImmutableSet.construct(I[Ljava/lang/Object;)Lcom/google/common/collect/ImmutableSet; @ 122
Event: 675.604 Thread 0x000000001ce3b000 Uncommon trap: reason=bimorphic action=maybe_recompile pc=0x000000000486fd10 method=java.util.concurrent.ConcurrentHashMap.computeIfAbsent(Ljava/lang/Object;Ljava/util/function/Function;)Ljava/lang/Object; @ 278
Event: 675.677 Thread 0x000000001ce3b000 Uncommon trap: reason=class_check action=maybe_recompile pc=0x0000000004d19208 method=com.google.common.cache.LocalCache$Segment.storeLoadedValue(Ljava/lang/Object;ILcom/google/common/cache/LocalCache$LoadingValueReference;Ljava/lang/Object;)Z @ 286
Event: 677.800 Thread 0x000000001d6b3000 Uncommon trap: reason=unstable_if action=reinterpret pc=0x0000000004ff88c8 method=com.sun.tools.javac.code.Types.rank(Lcom/sun/tools/javac/code/Type;)I @ 88

Classes redefined (0 events):
No events

Internal exceptions (10 events):
Event: 146.468 Thread 0x000000001d6b7800 Exception <a 'sun/nio/fs/WindowsException'> (0x00000000e1e012f0) thrown at [D:\src\AOSP-openjdk-cygwin\jdk8u\hotspot\src\share\vm\prims\jni.cpp, line 709]
Event: 151.507 Thread 0x000000001ce35000 Implicit null exception at 0x0000000004f82a98 to 0x0000000004f82ace
Event: 154.260 Thread 0x000000001ce41000 Exception <a 'sun/nio/fs/WindowsException'> (0x00000000e93d1ea8) thrown at [D:\src\AOSP-openjdk-cygwin\jdk8u\hotspot\src\share\vm\prims\jni.cpp, line 709]
Event: 154.263 Thread 0x000000001ce40000 Exception <a 'sun/nio/fs/WindowsException'> (0x00000000e94132c8) thrown at [D:\src\AOSP-openjdk-cygwin\jdk8u\hotspot\src\share\vm\prims\jni.cpp, line 709]
Event: 154.275 Thread 0x000000001cd04800 Exception <a 'sun/nio/fs/WindowsException'> (0x00000000e9862f50) thrown at [D:\src\AOSP-openjdk-cygwin\jdk8u\hotspot\src\share\vm\prims\jni.cpp, line 709]
Event: 154.293 Thread 0x000000001cd07800 Exception <a 'sun/nio/fs/WindowsException'> (0x00000000e9b52150) thrown at [D:\src\AOSP-openjdk-cygwin\jdk8u\hotspot\src\share\vm\prims\jni.cpp, line 709]
Event: 155.031 Thread 0x000000001ce41000 Exception <a 'sun/nio/fs/WindowsException'> (0x00000000ea011ac8) thrown at [D:\src\AOSP-openjdk-cygwin\jdk8u\hotspot\src\share\vm\prims\jni.cpp, line 709]
Event: 155.065 Thread 0x000000001cd04800 Exception <a 'sun/nio/fs/WindowsException'> (0x00000000ea6f13b0) thrown at [D:\src\AOSP-openjdk-cygwin\jdk8u\hotspot\src\share\vm\prims\jni.cpp, line 709]
Event: 255.495 Thread 0x000000001d6b8800 Exception <a 'sun/nio/fs/WindowsException'> (0x00000000ec247f18) thrown at [D:\src\AOSP-openjdk-cygwin\jdk8u\hotspot\src\share\vm\prims\jni.cpp, line 709]
Event: 675.584 Thread 0x000000001ce3b000 Exception <a 'sun/nio/fs/WindowsException'> (0x00000000e2c21be0) thrown at [D:\src\AOSP-openjdk-cygwin\jdk8u\hotspot\src\share\vm\prims\jni.cpp, line 709]

Events (10 events):
Event: 677.555 Thread 0x0000000018ec6000 flushing nmethod 0x0000000004defe90
Event: 677.555 Thread 0x0000000018ec6000 flushing nmethod 0x0000000004e2ff10
Event: 677.556 Thread 0x0000000018ec6000 flushing nmethod 0x00000000050c7d90
Event: 677.800 Thread 0x000000001d6b3000 Uncommon trap: trap_request=0xffffff65 fr.pc=0x0000000004ff88c8
Event: 677.800 Thread 0x000000001d6b3000 DEOPT PACKING pc=0x0000000004ff88c8 sp=0x000000003b1ec4c0
Event: 677.800 Thread 0x000000001d6b3000 DEOPT UNPACKING pc=0x00000000031c557b sp=0x000000003b1ec450 mode 2
Event: 677.990 Executing VM operation: ForceSafepoint
Event: 677.991 Executing VM operation: ForceSafepoint done
Event: 678.255 loading class org/gradle/internal/progress/DefaultBuildOperationExecutor$1
Event: 678.255 loading class org/gradle/internal/progress/DefaultBuildOperationExecutor$1 done


Dynamic libraries:
0x00007ff77e8d0000 - 0x00007ff77e901000 	E:\Android\Android Studio\jre\bin\java.exe
0x00007ffcb22f0000 - 0x00007ffcb24d1000 	C:\WINDOWS\SYSTEM32\ntdll.dll
0x00007ffcb16f0000 - 0x00007ffcb17a2000 	C:\WINDOWS\System32\KERNEL32.DLL
0x00007ffcae990000 - 0x00007ffcaec03000 	C:\WINDOWS\System32\KERNELBASE.dll
0x00007ffcb2170000 - 0x00007ffcb2211000 	C:\WINDOWS\System32\ADVAPI32.dll
0x00007ffcb0cb0000 - 0x00007ffcb0d4e000 	C:\WINDOWS\System32\msvcrt.dll
0x00007ffcaf7b0000 - 0x00007ffcaf80b000 	C:\WINDOWS\System32\sechost.dll
0x00007ffcb17e0000 - 0x00007ffcb1904000 	C:\WINDOWS\System32\RPCRT4.dll
0x00007ffcb0d50000 - 0x00007ffcb0ee0000 	C:\WINDOWS\System32\USER32.dll
0x00007ffcaf050000 - 0x00007ffcaf070000 	C:\WINDOWS\System32\win32u.dll
0x00007ffcaf780000 - 0x00007ffcaf7a8000 	C:\WINDOWS\System32\GDI32.dll
0x00007ffcaec10000 - 0x00007ffcaeda2000 	C:\WINDOWS\System32\gdi32full.dll
0x00007ffcae740000 - 0x00007ffcae7df000 	C:\WINDOWS\System32\msvcp_win.dll
0x00007ffcae7e0000 - 0x00007ffcae8da000 	C:\WINDOWS\System32\ucrtbase.dll
0x00007ffca0970000 - 0x00007ffca0bd9000 	C:\WINDOWS\WinSxS\amd64_microsoft.windows.common-controls_6595b64144ccf1df_6.0.17134.285_none_fb4297e330656775\COMCTL32.dll
0x00007ffcb1e40000 - 0x00007ffcb2163000 	C:\WINDOWS\System32\combase.dll
0x00007ffcae6c0000 - 0x00007ffcae73a000 	C:\WINDOWS\System32\bcryptPrimitives.dll
0x00007ffcb17b0000 - 0x00007ffcb17dd000 	C:\WINDOWS\System32\IMM32.DLL
0x0000000065b90000 - 0x0000000065c62000 	E:\Android\Android Studio\jre\jre\bin\msvcr100.dll
0x0000000063040000 - 0x000000006387f000 	E:\Android\Android Studio\jre\jre\bin\server\jvm.dll
0x00007ffcb1a80000 - 0x00007ffcb1a88000 	C:\WINDOWS\System32\PSAPI.DLL
0x00007ffc9fc00000 - 0x00007ffc9fc09000 	C:\WINDOWS\SYSTEM32\WSOCK32.dll
0x00007ffca9770000 - 0x00007ffca9793000 	C:\WINDOWS\SYSTEM32\WINMM.dll
0x00007ffca7460000 - 0x00007ffca746a000 	C:\WINDOWS\SYSTEM32\VERSION.dll
0x00007ffcb1cc0000 - 0x00007ffcb1d2c000 	C:\WINDOWS\System32\WS2_32.dll
0x00007ffca96f0000 - 0x00007ffca971a000 	C:\WINDOWS\SYSTEM32\winmmbase.dll
0x00007ffcaee10000 - 0x00007ffcaee59000 	C:\WINDOWS\System32\cfgmgr32.dll
0x00007ffca6480000 - 0x00007ffca648f000 	E:\Android\Android Studio\jre\jre\bin\verify.dll
0x00007ffca11e0000 - 0x00007ffca1209000 	E:\Android\Android Studio\jre\jre\bin\java.dll
0x00007ffc963e0000 - 0x00007ffc963f6000 	E:\Android\Android Studio\jre\jre\bin\zip.dll
0x00007ffcaf870000 - 0x00007ffcb0cb0000 	C:\WINDOWS\System32\SHELL32.dll
0x00007ffcb1d30000 - 0x00007ffcb1dd9000 	C:\WINDOWS\System32\shcore.dll
0x00007ffcaf070000 - 0x00007ffcaf77d000 	C:\WINDOWS\System32\windows.storage.dll
0x00007ffcaf810000 - 0x00007ffcaf861000 	C:\WINDOWS\System32\shlwapi.dll
0x00007ffcae670000 - 0x00007ffcae681000 	C:\WINDOWS\System32\kernel.appcore.dll
0x00007ffcae6a0000 - 0x00007ffcae6bf000 	C:\WINDOWS\System32\profapi.dll
0x00007ffcae620000 - 0x00007ffcae66c000 	C:\WINDOWS\System32\powrprof.dll
0x00007ffcae690000 - 0x00007ffcae69a000 	C:\WINDOWS\System32\FLTLIB.DLL
0x00007ffc80170000 - 0x00007ffc8018a000 	E:\Android\Android Studio\jre\jre\bin\net.dll
0x00007ffcade80000 - 0x00007ffcadee6000 	C:\WINDOWS\system32\mswsock.dll
0x00007ffc963c0000 - 0x00007ffc963d1000 	E:\Android\Android Studio\jre\jre\bin\nio.dll
0x00007ffca6370000 - 0x00007ffca638e000 	C:\Users\ccxx\.gradle\native\25\windows-amd64\native-platform.dll
0x00007ffca6470000 - 0x00007ffca647d000 	E:\Android\Android Studio\jre\jre\bin\management.dll
0x00007ffcae040000 - 0x00007ffcae057000 	C:\WINDOWS\SYSTEM32\CRYPTSP.dll
0x00007ffcada60000 - 0x00007ffcada93000 	C:\WINDOWS\system32\rsaenh.dll
0x00007ffcae160000 - 0x00007ffcae185000 	C:\WINDOWS\SYSTEM32\bcrypt.dll
0x00007ffcae530000 - 0x00007ffcae558000 	C:\WINDOWS\SYSTEM32\USERENV.dll
0x00007ffcae030000 - 0x00007ffcae03b000 	C:\WINDOWS\SYSTEM32\CRYPTBASE.dll
0x00007ffcadc00000 - 0x00007ffcadc38000 	C:\WINDOWS\SYSTEM32\IPHLPAPI.DLL
0x00007ffcb1a90000 - 0x00007ffcb1a98000 	C:\WINDOWS\System32\NSI.dll
0x00007ffca7470000 - 0x00007ffca7486000 	C:\WINDOWS\SYSTEM32\dhcpcsvc6.DLL
0x00007ffca7db0000 - 0x00007ffca7dca000 	C:\WINDOWS\SYSTEM32\dhcpcsvc.DLL
0x00007ffcad6f0000 - 0x00007ffcad721000 	C:\WINDOWS\SYSTEM32\ntmarta.dll

VM Arguments:
jvm_args: -Xmx1536m -Dfile.encoding=GBK -Duser.country=CN -Duser.language=zh -Duser.variant 
java_command: org.gradle.launcher.daemon.bootstrap.GradleDaemon 4.4
java_class_path (initial): C:\Users\ccxx\.gradle\wrapper\dists\gradle-4.4-all\9br9xq1tocpiv8o6njlyu5op1\gradle-4.4\lib\gradle-launcher-4.4.jar
Launcher Type: SUN_STANDARD

Environment Variables:
JAVA_HOME=E:\Java\jdk-10.0.2
CLASSPATH=E:\Java\jdk-10.0.2\lib\dt.jar;E:\Java\jdk-10.0.2\lib\tools.jar;
PATH=C:\Program Files (x86)\Common Files\Oracle\Java\javapath;C:\Program Files (x86)\Intel\iCLS Client\;C:\Program Files\Intel\iCLS Client\;C:\Windows\system32;C:\Windows;C:\Windows\System32\Wbem;C:\Windows\System32\WindowsPowerShell\v1.0\;C:\Program Files (x86)\Intel\Intel(R) Management Engine Components\DAL;C:\Program Files\Intel\Intel(R) Management Engine Components\DAL;C:\Program Files (x86)\Intel\Intel(R) Management Engine Components\IPT;C:\Program Files\Intel\Intel(R) Management Engine Components\IPT;C:\Program Files (x86)\NVIDIA Corporation\PhysX\Common;C:\WINDOWS\system32;C:\WINDOWS;C:\WINDOWS\System32\Wbem;C:\WINDOWS\System32\WindowsPowerShell\v1.0\;C:\Program Files\dotnet\;C:\Program Files\Microsoft SQL Server\130\Tools\Binn\;E:\MATLAB\R2015b\runtime\win64;E:\MATLAB\R2015b\bin;C:\WINDOWS\System32\OpenSSH\;C:\Program Files\Git\cmd;C:\Users\ccxx\AppData\Local\Microsoft\WindowsApps;E:\Bandizip\;E:\Java\jdk-10.0.2\bin;E:\Java\jdk-10.0.2\jre\bin;
USERNAME=ccxx
OS=Windows_NT
PROCESSOR_IDENTIFIER=Intel64 Family 6 Model 142 Stepping 10, GenuineIntel



---------------  S Y S T E M  ---------------

OS: Windows 10.0 , 64 bit Build 17134 (10.0.17134.1)

CPU:total 8 (initial active 8) (4 cores per cpu, 2 threads per core) family 6 model 142 stepping 10, cmov, cx8, fxsr, mmx, sse, sse2, sse3, ssse3, sse4.1, sse4.2, popcnt, avx, avx2, aes, clmul, erms, 3dnowpref, lzcnt, ht, tsc, tscinvbit, bmi1, bmi2, adx

Memory: 4k page, physical 8283460k(1311308k free), swap 13915460k(1527264k free)

vm_info: OpenJDK 64-Bit Server VM (25.152-b02) for windows-amd64 JRE (1.8.0_152-release-1024-b02), built by "builder" with MS VC++ 10.0 (VS2010)

time: Mon Oct 08 21:23:07 2018
elapsed time: 678 seconds (0d 0h 11m 18s)

